[ AutoCAD - Wed Jun 02 13:36:18 2021  ]----------------------------------------
Loading AEC Base...
Loading AEC Base Extended...
Loading AEC Core...
Loading AEC Project Base...
Loading AEC Architectural Base...
Loading AEC Schedule...

Loading Modeler DLLs.

Opening an AutoCAD 2018 format file.
Substituting [simplex.shx] for [Freehand575 BT].


AutoCAD menu utilities loaded.*Cancel*

Command: 

Autodesk DWG.  This file is a TrustedDWG last saved by an Autodesk application or Autodesk licensed application.

Command: 

Command: 
Command:  
Command:  
Command:  
Command:  
Command:  
Command: 
Command: _.erase 1 found

Command: 
Command: 
Command: _QSAVE 
Command:  
Command: *Cancel*

Command: *Cancel*

Command: _quit 
Command: 
