[ AutoCAD - Tue Jun 01 22:01:30 2021  ]----------------------------------------
Loading AEC Base...
Loading AEC Base Extended...
Loading AEC Core...
Loading AEC Project Base...
Loading AEC Architectural Base...
Loading AEC Schedule...

Loading Modeler DLLs.

Opening an AutoCAD 2018 format file.
Substituting [simplex.shx] for [Freehand575 BT].


AutoCAD menu utilities loaded.*Cancel*

Command: 

Autodesk DWG.  This file is a TrustedDWG last saved by an Autodesk application or Autodesk licensed application.

Command: 

Command: 
Command:  
Command: 
Press ESC or ENTER to exit, or right-click to display shortcut-menu.

Command: 
Command: 
Command: 
Command: _HideObjects 1 found

Command: 
Press ESC or ENTER to exit, or right-click to display shortcut-menu.

Command:  
Command:  
Command:  
Command:  
Command:  
Command:  
Command:  
Command:  
Command:  
Command:  
Command:  
Command:  
Command:  
Command:  
Command: 
Command: 
Command: _box 
Specify first corner or [Center]: 
Specify other corner or [Cube/Length]: 77

Specify height or [2Point]: 10

Command: 
Press ESC or ENTER to exit, or right-click to display shortcut-menu.

Command:  
Command:  
Command:  
Command: 
Press ESC or ENTER to exit, or right-click to display shortcut-menu.

Command: 
Press ESC or ENTER to exit, or right-click to display shortcut-menu.

Command:  
Command: 
Press ESC or ENTER to exit, or right-click to display shortcut-menu.

Command: 
Press ESC or ENTER to exit, or right-click to display shortcut-menu.

Command:  
Command: 
Command: 
Command: _unisolateobjects 
1 object(s) unisolated.

Command: 
Command:  
Command: 
Command: 
Command: _HideObjects 1 found

Command:  
Command:  
Command:  
Command: 
Command: 
Command: _line 
Specify first point: 
Checking 703 intersections... 
Specify next point or [Undo]: 52

Specify next point or [Undo]: *Cancel*

Automatic save to C:\Users\MARTIJ~1\AppData\Local\Temp\Deel_1_1_11141_b5c809b4.sv$ ...

Command: 
Command:  
Command:  
Command:  
Command:  
Command:  
Command: 
Command: 
Command: _line 
Specify first point: 
Specify next point or [Undo]:  
Resuming LINE command.

Specify next point or [Undo]: 15.5

Specify next point or [Undo]:  
Resuming LINE command.

Specify next point or [Undo]: *Cancel*

Command: 
Command: 
Command: 


Command: 
Command:  
Command: 
Press ESC or ENTER to exit, or right-click to display shortcut-menu.

Command: 
Command:  
 
** MOVE **
Specify move point or [Base point/Copy/Undo/eXit]: 
Command:  
Command:  
Command:  
Command: 
Press ESC or ENTER to exit, or right-click to display shortcut-menu.

Command:  
Command:  
Command:  
Command:  
Command: 
Command: 


Command: 
Command:  
Command:  
Command:  
Command: 
Command: 
Command: 


Command: 
Command:  
Command: 
Command:  
 
** MOVE **
Specify move point or [Base point/Copy/Undo/eXit]: 
Command:  
Command:  
Command:  
Command: 
Command: 


Command: 
Command:  
Command: 
Command: 
Command: 


Command: 
Command:  
Command:  
Command:  
Command:  
Command: 
Command:  
 
** MOVE **
Specify move point or [Base point/Copy/Undo/eXit]: *Cancel*

Command:  
 
** MOVE **
Specify move point or [Base point/Copy/Undo/eXit]: *Cancel*

Command:  
Command: 
Command: 


Command: 
Command:  
Command: _u INTELLIZOOM 
Command: _u DROPGEOM GROUP 
Command:  
Command:  
Command:  
Command: 
Command: 
Command: 


Command: 
Command:  
Command: *Cancel*

Command: 
Command: 
Command: _line 
Specify first point: 
Specify next point or [Undo]: *Cancel*

Command:  
Command: 
Command:  
Command: 
Command: 


Command: 
Command:  
Command:  
Command:  
Command: 
Command: 
Command: _line 
Specify first point: 
Specify next point or [Undo]: *Cancel*

Command:  
Command: 
Command: _.erase 1 found

Command: 
Command: _.erase 1 found

Command:  
Command:  
Command:  
Command:  
Command: 
Press ESC or ENTER to exit, or right-click to display shortcut-menu.

Command:  
Automatic save to C:\Users\MARTIJ~1\AppData\Local\Temp\Deel_1_1_11141_b5c809b4.sv$ ...

Command: 
Command:  
Command: 
Press ESC or ENTER to exit, or right-click to display shortcut-menu.

Command: 
Command: 
Command: _subtract Select solids, surfaces, and regions to subtract from ..

Select objects: 1 found

Select objects: 
Select solids, surfaces, and regions to subtract ..
Select objects: 1 found

Select objects: 1 found, 2 total

Select objects: 1 found, 3 total

Select objects: 1 found, 4 total

Select objects: 1 found, 5 total

Select objects: 1 found, 6 total

Select objects: 1 found, 7 total

Select objects: 1 found, 8 total

Select objects: 1 found, 9 total

Select objects: 1 found, 10 total

Select objects: 1 found, 11 total

Select objects: 1 found, 12 total

Select objects: 1 found, 13 total

Select objects: 1 found, 14 total

Select objects: 1 found, 15 total

Select objects: 1 found, 16 total

Select objects: 1 found, 17 total

Select objects: 1 found, 18 total

Select objects: 1 found, 19 total

Select objects: 1 found, 20 total

Select objects: 1 found, 21 total

Select objects: 1 found, 22 total

Select objects: 1 found, 23 total

Select objects: 1 found, 24 total

Select objects: 1 found, 25 total

Select objects: 1 found, 26 total

Select objects: 1 found, 27 total

Select objects: 


Command: 
Press ESC or ENTER to exit, or right-click to display shortcut-menu.

Command:  
Command:  
Command:  
Command: 
Command: 
Command: 
Command: _HideObjects 1 found

Command: 
Command: 
Command: _unisolateobjects 
2 object(s) unisolated.

Command: 
Press ESC or ENTER to exit, or right-click to display shortcut-menu.

Command: 
Press ESC or ENTER to exit, or right-click to display shortcut-menu.

Command: 
Press ESC or ENTER to exit, or right-click to display shortcut-menu.

Command: 
Command: *Cancel*

Command: 
Command: 
Command: 
Command: _subtract Select solids, surfaces, and regions to subtract from ..

Select objects: 1 found

Select objects: 1 found, 2 total

Select objects: 1 found, 3 total

Select objects: 1 found, 4 total

Select objects: 1 found, 5 total

Select objects: 1 found, 6 total

Select objects: 1 found, 7 total

Select objects: 1 found, 8 total

Select objects: 1 found, 9 total

Select objects: 1 found, 10 total

Select objects: 1 found, 11 total

Select objects: 1 found, 12 total

Select objects: 1 found, 13 total

Select objects: 1 found, 14 total

Select objects: 1 found, 15 total

Select objects: 1 found, 16 total

Select objects: 1 found, 17 total

Select objects: 1 found, 18 total

Select objects: 1 found, 19 total

Select objects: 1 found, 20 total

Select objects: 1 found, 21 total

Select objects: 1 found, 22 total

Select objects: 1 found, 23 total

Select objects: 1 found, 24 total

Select objects: 1 found, 25 total

Select objects: 1 found, 26 total

Select objects: 1 found, 27 total

Select objects: 1 found, 28 total

Select objects: 
Select solids, surfaces, and regions to subtract ..
Select objects: 
Press ESC or ENTER to exit, or right-click to display shortcut-menu.

Resuming SUBTRACT command.

Select objects: 
Press ESC or ENTER to exit, or right-click to display shortcut-menu.

Resuming SUBTRACT command.

Select objects: 1 found

Select objects: *Cancel*

Command: 
Command: _subtract Select solids, surfaces, and regions to subtract from ..

Select objects: 1 found

Select objects: 
Select solids, surfaces, and regions to subtract ..
Select objects: 1 found

Select objects: 1 found, 2 total

Select objects: 1 found, 3 total

Select objects: 1 found, 4 total

Select objects: 1 found, 5 total

Select objects: 1 found, 6 total

Select objects: 1 found, 7 total

Select objects: 1 found, 8 total

Select objects: 1 found, 9 total

Select objects: 1 found, 10 total

Select objects: 1 found, 11 total

Select objects: 1 found, 12 total

Select objects: 1 found, 13 total

Select objects: 1 found, 14 total

Select objects: 1 found, 15 total

Select objects: 1 found, 16 total

Select objects: 1 found, 17 total

Select objects: 1 found, 18 total

Select objects: 1 found, 19 total

Select objects: 1 found, 20 total

Select objects: 1 found, 21 total

Select objects: 1 found, 22 total

Select objects: 1 found, 23 total

Select objects: 1 found, 24 total

Select objects: 1 found, 25 total

Select objects: 1 found, 26 total

Select objects: 1 found, 27 total

Select objects: 1 found, 28 total

Select objects: 


Command: 
Press ESC or ENTER to exit, or right-click to display shortcut-menu.

Command:  
Command:  
Command:  
Command: 
Press ESC or ENTER to exit, or right-click to display shortcut-menu.

Command: 
Command: 
Command: *Cancel*

Command: 
Command: 
Command: 
Command: *Cancel*

Command: 
Press ESC or ENTER to exit, or right-click to display shortcut-menu.

Command: 
Press ESC or ENTER to exit, or right-click to display shortcut-menu.

Command: 
Press ESC or ENTER to exit, or right-click to display shortcut-menu.

Command: 
Command: 
Command: _FILLETEDGE 
Radius = 1.000
Select an edge or [Chain/Loop/Radius]: 
Select an edge or [Chain/Loop/Radius]: 
Select an edge or [Chain/Loop/Radius]: 
Press ESC or ENTER to exit, or right-click to display shortcut-menu.

Resuming FILLETEDGE command.

Select an edge or [Chain/Loop/Radius]: *Cancel*

1 edge(s) selected for fillet.

No fillet to be computed.

Command: *Cancel*

Command: *Cancel*

Command: *Cancel*

Command: *Cancel*

Command: 
Command: *Cancel*

Command: 
Press ESC or ENTER to exit, or right-click to display shortcut-menu.

Command: 
Command:  
Command: *Cancel*

Command: 
Command: 
Command: 
Command: _HideObjects 1 found

Command: 
Press ESC or ENTER to exit, or right-click to display shortcut-menu.

Command:  
Command:  
Command:  
Command:  
Command:  
Command:  
Command: 
Command: 
Command: _box 
Specify first corner or [Center]: 
Specify other corner or [Cube/Length]:  
Resuming BOX command.

Specify other corner or [Cube/Length]: 
Specify height or [2Point] <10.000>: 
Command: 
Press ESC or ENTER to exit, or right-click to display shortcut-menu.

Command: 
Press ESC or ENTER to exit, or right-click to display shortcut-menu.

Command: 
Command:  
 
** MOVE **
Specify move point or [Base point/Copy/Undo/eXit]: 
Too many objects selected for INTERSECT

Command:  
Command:  
Command:  
Command:  
 
** MOVE **
Specify move point or [Base point/Copy/Undo/eXit]: 
Command:  
Command: 
Press ESC or ENTER to exit, or right-click to display shortcut-menu.

Command:  
Command: 
Press ESC or ENTER to exit, or right-click to display shortcut-menu.

Command: *Cancel*

Command: 
Command: 
Command: _unisolateobjects 
1 object(s) unisolated.

Command: *Cancel*

Command: 
Press ESC or ENTER to exit, or right-click to display shortcut-menu.

Command:  
Command: *Cancel*

Command: *Cancel*

Command: _vscurrent 
Enter an option [2dwireframe/Wireframe/Hidden/Realistic/Conceptual/Shaded/shaded with Edges/shades of Gray/SKetchy/X-ray/Other] <Conceptual>: _w 
Command: *Cancel*

Command: *Cancel*

Command: _vscurrent 
Enter an option [2dwireframe/Wireframe/Hidden/Realistic/Conceptual/Shaded/shaded with Edges/shades of Gray/SKetchy/X-ray/Other] <Wireframe>: _r 
Command: 
Command: 
Press ESC or ENTER to exit, or right-click to display shortcut-menu.

Command:  
Command:  
 
** MOVE **
Specify move point or [Base point/Copy/Undo/eXit]: 
Command:  
Command:  
Command:  
Command:  
 
** MOVE **
Specify move point or [Base point/Copy/Undo/eXit]: 
Too many objects selected for INTERSECT

Command:  
Command: 
Press ESC or ENTER to exit, or right-click to display shortcut-menu.

Command:  
Automatic save to C:\Users\MARTIJ~1\AppData\Local\Temp\Deel_1_1_11141_b5c809b4.sv$ ...

Command: 
Command: *Cancel*

Command:  
Command: 
Press ESC or ENTER to exit, or right-click to display shortcut-menu.

Command:  
Command:  
Command: *Cancel*

Command: *Cancel*

Command: _vscurrent 
Enter an option [2dwireframe/Wireframe/Hidden/Realistic/Conceptual/Shaded/shaded with Edges/shades of Gray/SKetchy/X-ray/Other] <Realistic>: _w 
Command:  
Command:  
Command:  
Command: *Cancel*

Command: *Cancel*

Command: _vscurrent 
Enter an option [2dwireframe/Wireframe/Hidden/Realistic/Conceptual/Shaded/shaded with Edges/shades of Gray/SKetchy/X-ray/Other] <Wireframe>: _c 
Command:  
Command:  
Command:  
Command:  
Command:  
Command:  
Command:  
Command:  
Window Lasso  Press Spacebar to cycle options
Command:  
Command: *Cancel*

Command: *Cancel*

Command: *Cancel*

Window Lasso  Press Spacebar to cycle options
Command:  
Command:  
Command:  
Command:  
Command:  
Command:  
Command:  
Command:  
Command:  
Command:  
Command:  
Command:  
Command: 
Command: 
Command: 
Command: _QSAVE 
Crossing Lasso  Press Spacebar to cycle options
Command: 
Command: 
Command: _ucs 
Current ucs name:  *WORLD*
Specify origin of UCS or [Face/NAmed/OBject/Previous/View/World/X/Y/Z/ZAxis] <World>: *Cancel*

Command: 
Command: 
Command: 

Current ucs name:  *WORLD*
Specify origin of UCS or [Face/NAmed/OBject/Previous/View/World/X/Y/Z/ZAxis] <World>: 

Command: 
Command: 
Command: 

Current ucs name:  *WORLD*
Specify origin of UCS or [Face/NAmed/OBject/Previous/View/World/X/Y/Z/ZAxis] <World>: 

Command:  
Command:  
Command:  
Command:  
Command:  
Command:  
Command: 
Command: 
Command: _QSAVE 
Command: *Cancel*

Command: *Cancel*

Command: _quit 
Command: 
