
ROM used:   4738/32768 (14%)
            4738/32768 (14%) including unused fragments

            0.9 Average locations per line
            4.1 Average locations per statement

RAM used:   173/1536 (11%) at main() level
            244/1536 (16%) worst case

Stack used: 7 worst case (3 in main + 4 for interrupts)
Stack size: 31

Lines Stmts  %   Files
----- ----- ---  -----
 1001   534  47  9ch_relay_uart.c
  101     0   0  9ch_relay_uart.h
 1032     0   0  C:\Program Files\PICC\Devices\18F45K22.h
   61     0   0  C:\Program Files\PICC\Drivers\float.h
   32     0   0  C:\Program Files\PICC\Drivers\stddef.h
 1352   359  31  C:\Program Files\PICC\Drivers\stdlib.h
  435     0   0  C:\Program Files\PICC\Drivers\string.h
   28     0   0  C:\Program Files\PICC\Drivers\ctype.h
  419   159  14  C:\Program Files\PICC\Drivers\stdlibm.h
   76    13   1  C:\Program Files\PICC\Drivers\memmgmt.c
   37     0   0  C:\Program Files\PICC\Drivers\stdio.h
  180     0   0  C:\Program Files\PICC\Drivers\stdint.h
  283    80   7  C:\Program Files\PICC\Drivers\input.c
----- -----
 5037  1145 Total

Page ROM  %  RAM    Vol Diff  Functions:
---- --- --- ---    --- ----  ----------
0     40   0    1             @delay_ms1
0    136   1    9    336  7.1  strstr
0     28   0    1             @SPRINTF
0     40   0    3             @DIV88
0    170   2    6             @PRINTF_D_1137
0    234   2    1    989  5.3  TIMER1_isr
0     58   1    3    223  4.1  RDA_isr
0    460   5    1    723  3.9  MAIN
0    508   5    1   2280  3.0  keyboard_routine
0     26   0    2     99  3.3  report_relay_states
0    236   2   22    919  7.0  send_relay_status
0     20   0    0             @const1200
0     30   0    3             @PSTRINGCN_1137
0     22   0    0    431  1.4  @const1203
0     38   0    2             @PSTRINGR_1
0    372   4    9   2631  7.8  check_data
0     44   0    0    431  1.4  @goto34856
0     94   1    0    354  1.4  lcd_init
0     18   0    1     70  1.4  send_lcd_command
0     18   0    1     70  1.4  send_lcd_data
0     50   1    0    134  1.3  lcd_data
0     50   1    0    134  1.3  lcd_cmd
0    114   1    2    662  4.0  put_lcd_data_h
0    114   1    2    662  4.0  put_lcd_data_l
0     32   0    2    174  4.0  display_clear_line_1
0     32   0    2    174  4.0  display_clear_line_2
0     32   0    2    187  4.5  display_clear_line_3
0     32   0    2    187  4.5  display_clear_line_4
0     12   0    0     48  1.3  display_clear_line_all
0     46   0    3    187  4.5  display_status_line1
0     46   0    3    201  5.0  display_status_line3
0    172   2    3    815  5.0  display_startup_message
0    380   4    1   2411  3.5  display_relay_status
0    288   3    0    226  1.4  send_startup_message
0     88   1    0    431  1.4  @const1230
0     34   0    2     86  2.2  @PSTRINGC_1
0     12   0    0             @const1232
0     62   1    0             @const1233
0     26   0    0     86  2.2  @const1234
0     12   0    0             @const1235
0     88   1    0             @const1236
0     30   0    0     86  2.2  @const1237
0     62   1    0             @const1238
0     64   1    0             @const1239
0     36   0    0   2449  6.9  @const1240
0     50   1    0             @const1241
 Inline         0    354  1.4  @cinit1

Program metrics:
    Functions               33
    Statements              1145
    Comments                1044
    Volume (V)              33084
    Difficulty (D)          113.2
    Effort to implement (E) 3743578
    Time to implement (T)   57 hours, 46 minutes
    Est Delivered Bugs (B)  8
    Cyclomatic Complexity   126
    Maintainability (MI)    109

 Segment     Used  Free
-----------  ----  ----
00000-00002     4  0  
00004-00006     0  4  
00008-000B8   178  0  
000BA-07FFE  4556  28026  



